<?xml version="1.0" encoding="UTF-8"?>
<testsuite xmlns:xsi="http://www.w3.org/2001/XMLSchema-instance" xsi:noNamespaceSchemaLocation="https://maven.apache.org/surefire/maven-surefire-plugin/xsd/surefire-test-report-3.0.xsd" version="3.0" name="tes.MyTest" time="2.024" tests="7" errors="0" skipped="0" failures="0">
  <properties>
[...]
</properties>
  <testcase name="textQueryUserPage" classname="tes.MyTest" time="0.654">
    <system-out><![CDATA[12:53:51.055 [main] DEBUG org.springframework.test.context.support.DefaultTestContextBootstrapper - Using ContextCustomizers for test class [MyTest]: []
12:53:51.086 [main] DEBUG org.springframework.test.context.support.DefaultTestContextBootstrapper - Using TestExecutionListeners for test class [MyTest]: [ServletTestExecutionListener, DirtiesContextBeforeModesTestExecutionListener, ApplicationEventsTestExecutionListener, DependencyInjectionTestExecutionListener, DirtiesContextTestExecutionListener, TransactionalTestExecutionListener, SqlScriptsTestExecutionListener, EventPublishingTestExecutionListener]
12:53:51.088 [main] DEBUG org.springframework.test.annotation.ProfileValueUtils - Retrieved @ProfileValueSourceConfiguration [null] for test class [tes.MyTest]
12:53:51.089 [main] DEBUG org.springframework.test.annotation.ProfileValueUtils - Retrieved ProfileValueSource type [class org.springframework.test.annotation.SystemProfileValueSource] for class [tes.MyTest]
12:53:51.090 [main] DEBUG org.springframework.test.annotation.ProfileValueUtils - Retrieved @ProfileValueSourceConfiguration [null] for test class [tes.MyTest]
12:53:51.090 [main] DEBUG org.springframework.test.annotation.ProfileValueUtils - Retrieved ProfileValueSource type [class org.springframework.test.annotation.SystemProfileValueSource] for class [tes.MyTest]
12:53:51.090 [main] DEBUG org.springframework.test.annotation.ProfileValueUtils - Retrieved @ProfileValueSourceConfiguration [null] for test class [tes.MyTest]
12:53:51.090 [main] DEBUG org.springframework.test.annotation.ProfileValueUtils - Retrieved ProfileValueSource type [class org.springframework.test.annotation.SystemProfileValueSource] for class [tes.MyTest]
12:53:51.091 [main] DEBUG org.springframework.test.annotation.ProfileValueUtils - Retrieved @ProfileValueSourceConfiguration [null] for test class [tes.MyTest]
12:53:51.091 [main] DEBUG org.springframework.test.annotation.ProfileValueUtils - Retrieved ProfileValueSource type [class org.springframework.test.annotation.SystemProfileValueSource] for class [tes.MyTest]
12:53:51.092 [main] DEBUG org.springframework.test.annotation.ProfileValueUtils - Retrieved @ProfileValueSourceConfiguration [null] for test class [tes.MyTest]
12:53:51.092 [main] DEBUG org.springframework.test.annotation.ProfileValueUtils - Retrieved ProfileValueSource type [class org.springframework.test.annotation.SystemProfileValueSource] for class [tes.MyTest]
12:53:51.094 [main] DEBUG org.springframework.test.context.support.AbstractDirtiesContextTestExecutionListener - Before test class: class [MyTest], class annotated with @DirtiesContext [false] with mode [null]
12:53:51.096 [main] DEBUG org.springframework.test.annotation.ProfileValueUtils - Retrieved @ProfileValueSourceConfiguration [null] for test class [tes.MyTest]
12:53:51.096 [main] DEBUG org.springframework.test.annotation.ProfileValueUtils - Retrieved ProfileValueSource type [class org.springframework.test.annotation.SystemProfileValueSource] for class [tes.MyTest]
12:53:51.098 [main] DEBUG org.springframework.test.context.support.DependencyInjectionTestExecutionListener - Performing dependency injection for test class tes.MyTest
12:53:51.099 [main] DEBUG org.springframework.test.context.support.AbstractGenericContextLoader - Loading ApplicationContext for test class tes.MyTest
12:53:51.147 [main] DEBUG org.springframework.core.env.StandardEnvironment - Activating profiles []
12:53:51.312 [main] DEBUG org.springframework.beans.factory.xml.XmlBeanDefinitionReader - Loaded 4 bean definitions from class path resource [applicationContext_mapper.xml]
12:53:51.387 [main] DEBUG org.springframework.context.annotation.ClassPathBeanDefinitionScanner - Identified candidate component class: file [C:\Users\亦樂\springMVCall\springmvc-006-ssm\target\classes\com\ruanda\service\impl\UserServiceImpl.class]
12:53:51.433 [main] DEBUG org.springframework.beans.factory.xml.XmlBeanDefinitionReader - Loaded 10 bean definitions from class path resource [applicationContext_service.xml]
12:53:51.434 [main] DEBUG org.springframework.context.support.GenericApplicationContext - Refreshing org.springframework.context.support.GenericApplicationContext@5dda768f
12:53:51.471 [main] DEBUG org.springframework.beans.factory.support.DefaultListableBeanFactory - Creating shared instance of singleton bean 'org.springframework.context.annotation.internalConfigurationAnnotationProcessor'
12:53:51.527 [main] DEBUG org.springframework.beans.factory.support.DefaultListableBeanFactory - Creating shared instance of singleton bean 'org.mybatis.spring.mapper.MapperScannerConfigurer#0'
12:53:51.556 [main] DEBUG org.apache.ibatis.logging.LogFactory - Logging initialized using 'class org.apache.ibatis.logging.commons.JakartaCommonsLoggingImpl' adapter.
12:53:51.563 [main] DEBUG org.mybatis.spring.mapper.ClassPathMapperScanner - Identified candidate component class: file [C:\Users\亦樂\springMVCall\springmvc-006-ssm\target\classes\com\ruanda\mapper\UserMapper.class]
12:53:51.566 [main] DEBUG org.mybatis.spring.mapper.ClassPathMapperScanner - Creating MapperFactoryBean with name 'userMapper' and 'com.ruanda.mapper.UserMapper' mapperInterface
12:53:51.571 [main] DEBUG org.mybatis.spring.mapper.ClassPathMapperScanner - Enabling autowire by type for MapperFactoryBean with name 'userMapper'.
12:53:51.574 [main] DEBUG org.springframework.beans.factory.support.DefaultListableBeanFactory - Creating shared instance of singleton bean 'org.springframework.context.support.PropertySourcesPlaceholderConfigurer#0'
12:53:51.583 [main] DEBUG org.springframework.core.env.PropertySourcesPropertyResolver - Found key 'jdbc.driver' in PropertySource 'localProperties' with value of type String
12:53:51.584 [main] DEBUG org.springframework.core.env.PropertySourcesPropertyResolver - Found key 'jdbc.url' in PropertySource 'localProperties' with value of type String
12:53:51.584 [main] DEBUG org.springframework.core.env.PropertySourcesPropertyResolver - Found key 'jdbc.username' in PropertySource 'localProperties' with value of type String
12:53:51.584 [main] DEBUG org.springframework.core.env.PropertySourcesPropertyResolver - Found key 'jdbc.password' in PropertySource 'localProperties' with value of type String
12:53:51.585 [main] DEBUG org.springframework.beans.factory.support.DefaultListableBeanFactory - Creating shared instance of singleton bean 'org.springframework.context.event.internalEventListenerProcessor'
12:53:51.588 [main] DEBUG org.springframework.beans.factory.support.DefaultListableBeanFactory - Creating shared instance of singleton bean 'org.springframework.context.event.internalEventListenerFactory'
12:53:51.590 [main] DEBUG org.springframework.beans.factory.support.DefaultListableBeanFactory - Creating shared instance of singleton bean 'org.springframework.context.annotation.internalAutowiredAnnotationProcessor'
12:53:51.593 [main] DEBUG org.springframework.beans.factory.support.DefaultListableBeanFactory - Creating shared instance of singleton bean 'org.springframework.aop.config.internalAutoProxyCreator'
12:53:51.611 [main] DEBUG org.springframework.beans.factory.support.DefaultListableBeanFactory - Creating shared instance of singleton bean 'dataSource'
12:53:51.612 [main] DEBUG org.springframework.beans.factory.support.DefaultListableBeanFactory - Creating shared instance of singleton bean 'org.springframework.aop.support.DefaultBeanFactoryPointcutAdvisor#0'
12:53:51.848 [main] DEBUG org.springframework.beans.factory.support.DefaultListableBeanFactory - Creating shared instance of singleton bean 'org.mybatis.spring.SqlSessionFactoryBean#0'
12:53:51.961 [main] DEBUG org.mybatis.spring.SqlSessionFactoryBean - Parsed configuration file: 'class path resource [SqlMapConfig.xml]'
12:53:51.962 [main] DEBUG org.mybatis.spring.SqlSessionFactoryBean - Property 'mapperLocations' was not specified.
12:53:51.968 [main] DEBUG org.springframework.beans.factory.support.DefaultListableBeanFactory - Creating shared instance of singleton bean 'userServiceImpl'
12:53:51.980 [main] DEBUG org.springframework.beans.factory.support.DefaultListableBeanFactory - Creating shared instance of singleton bean 'userMapper'
12:53:52.081 [main] DEBUG org.springframework.beans.factory.support.DefaultListableBeanFactory - Creating shared instance of singleton bean 'myadvice'
12:53:52.086 [main] DEBUG org.springframework.beans.factory.support.DefaultListableBeanFactory - Creating shared instance of singleton bean 'transactionManager'
12:53:52.101 [main] DEBUG org.springframework.transaction.interceptor.NameMatchTransactionAttributeSource - Adding transactional method [*select*] with attribute [PROPAGATION_REQUIRED,ISOLATION_DEFAULT,readOnly]
12:53:52.101 [main] DEBUG org.springframework.transaction.interceptor.NameMatchTransactionAttributeSource - Adding transactional method [*find*] with attribute [PROPAGATION_REQUIRED,ISOLATION_DEFAULT,readOnly]
12:53:52.101 [main] DEBUG org.springframework.transaction.interceptor.NameMatchTransactionAttributeSource - Adding transactional method [*serach*] with attribute [PROPAGATION_REQUIRED,ISOLATION_DEFAULT,readOnly]
12:53:52.101 [main] DEBUG org.springframework.transaction.interceptor.NameMatchTransactionAttributeSource - Adding transactional method [*get*] with attribute [PROPAGATION_REQUIRED,ISOLATION_DEFAULT,readOnly]
12:53:52.102 [main] DEBUG org.springframework.transaction.interceptor.NameMatchTransactionAttributeSource - Adding transactional method [*insert*] with attribute [PROPAGATION_REQUIRED,ISOLATION_DEFAULT]
12:53:52.102 [main] DEBUG org.springframework.transaction.interceptor.NameMatchTransactionAttributeSource - Adding transactional method [*add*] with attribute [PROPAGATION_REQUIRED,ISOLATION_DEFAULT]
12:53:52.102 [main] DEBUG org.springframework.transaction.interceptor.NameMatchTransactionAttributeSource - Adding transactional method [*save*] with attribute [PROPAGATION_REQUIRED,ISOLATION_DEFAULT]
12:53:52.102 [main] DEBUG org.springframework.transaction.interceptor.NameMatchTransactionAttributeSource - Adding transactional method [*set*] with attribute [PROPAGATION_REQUIRED,ISOLATION_DEFAULT]
12:53:52.102 [main] DEBUG org.springframework.transaction.interceptor.NameMatchTransactionAttributeSource - Adding transactional method [*update*] with attribute [PROPAGATION_REQUIRED,ISOLATION_DEFAULT]
12:53:52.102 [main] DEBUG org.springframework.transaction.interceptor.NameMatchTransactionAttributeSource - Adding transactional method [*change*] with attribute [PROPAGATION_REQUIRED,ISOLATION_DEFAULT]
12:53:52.102 [main] DEBUG org.springframework.transaction.interceptor.NameMatchTransactionAttributeSource - Adding transactional method [*modify*] with attribute [PROPAGATION_REQUIRED,ISOLATION_DEFAULT]
12:53:52.102 [main] DEBUG org.springframework.transaction.interceptor.NameMatchTransactionAttributeSource - Adding transactional method [*delete*] with attribute [PROPAGATION_REQUIRED,ISOLATION_DEFAULT]
12:53:52.102 [main] DEBUG org.springframework.transaction.interceptor.NameMatchTransactionAttributeSource - Adding transactional method [*drop*] with attribute [PROPAGATION_REQUIRED,ISOLATION_DEFAULT]
12:53:52.102 [main] DEBUG org.springframework.transaction.interceptor.NameMatchTransactionAttributeSource - Adding transactional method [*remove*] with attribute [PROPAGATION_REQUIRED,ISOLATION_DEFAULT]
12:53:52.102 [main] DEBUG org.springframework.transaction.interceptor.NameMatchTransactionAttributeSource - Adding transactional method [*clear*] with attribute [PROPAGATION_REQUIRED,ISOLATION_DEFAULT]
12:53:52.102 [main] DEBUG org.springframework.transaction.interceptor.NameMatchTransactionAttributeSource - Adding transactional method [*] with attribute [PROPAGATION_SUPPORTS,ISOLATION_DEFAULT]
12:53:52.136 [main] DEBUG org.springframework.test.context.cache - Spring test ApplicationContext cache statistics: [DefaultContextCache@323659f8 size = 1, maxSize = 32, parentContextCount = 0, hitCount = 0, missCount = 1]
12:53:52.140 [main] DEBUG org.springframework.test.context.cache - Spring test ApplicationContext cache statistics: [DefaultContextCache@323659f8 size = 1, maxSize = 32, parentContextCount = 0, hitCount = 1, missCount = 1]
12:53:52.145 [main] DEBUG org.springframework.test.context.support.AbstractDirtiesContextTestExecutionListener - Before test method: class [MyTest], method [textQueryUserPage], class annotated with @DirtiesContext [false] with mode [null], method annotated with @DirtiesContext [false] with mode [null]
12:53:52.154 [main] DEBUG org.springframework.test.context.cache - Spring test ApplicationContext cache statistics: [DefaultContextCache@323659f8 size = 1, maxSize = 32, parentContextCount = 0, hitCount = 2, missCount = 1]
12:53:52.155 [main] DEBUG org.springframework.test.context.cache - Spring test ApplicationContext cache statistics: [DefaultContextCache@323659f8 size = 1, maxSize = 32, parentContextCount = 0, hitCount = 3, missCount = 1]
12:53:52.172 [main] DEBUG org.mybatis.spring.SqlSessionUtils - Creating a new SqlSession
12:53:52.178 [main] DEBUG org.mybatis.spring.SqlSessionUtils - Registering transaction synchronization for SqlSession [org.apache.ibatis.session.defaults.DefaultSqlSession@464a4442]
12:53:52.189 [main] DEBUG org.springframework.jdbc.datasource.DataSourceUtils - Fetching JDBC Connection from DataSource
12:53:52.309 [main] INFO com.alibaba.druid.pool.DruidDataSource - {dataSource-1} inited
12:53:52.726 [main] DEBUG org.mybatis.spring.transaction.SpringManagedTransaction - JDBC Connection [com.mysql.cj.jdbc.ConnectionImpl@51e0301d] will be managed by Spring
12:53:52.733 [main] DEBUG com.ruanda.mapper.UserMapper.queryUserPage - ==>  Preparing: select user_id,card_type,card_no,user_name,user_sex,user_age,user_role from user order by user_id desc limit ?,5
12:53:52.757 [main] DEBUG com.ruanda.mapper.UserMapper.queryUserPage - ==> Parameters: 5(Integer)
12:53:52.789 [main] DEBUG com.ruanda.mapper.UserMapper.queryUserPage - <==      Total: 5
12:53:52.791 [main] DEBUG org.mybatis.spring.SqlSessionUtils - Releasing transactional SqlSession [org.apache.ibatis.session.defaults.DefaultSqlSession@464a4442]
12:53:52.792 [main] DEBUG org.mybatis.spring.SqlSessionUtils - Transaction synchronization deregistering SqlSession [org.apache.ibatis.session.defaults.DefaultSqlSession@464a4442]
12:53:52.792 [main] DEBUG org.mybatis.spring.SqlSessionUtils - Transaction synchronization closing SqlSession [org.apache.ibatis.session.defaults.DefaultSqlSession@464a4442]
12:53:52.795 [main] DEBUG org.springframework.test.context.cache - Spring test ApplicationContext cache statistics: [DefaultContextCache@323659f8 size = 1, maxSize = 32, parentContextCount = 0, hitCount = 4, missCount = 1]
12:53:52.797 [main] DEBUG org.springframework.test.context.cache - Spring test ApplicationContext cache statistics: [DefaultContextCache@323659f8 size = 1, maxSize = 32, parentContextCount = 0, hitCount = 5, missCount = 1]
12:53:52.797 [main] DEBUG org.springframework.test.context.support.AbstractDirtiesContextTestExecutionListener - After test method: class [MyTest], method [textQueryUserPage], class annotated with @DirtiesContext [false] with mode [null], method annotated with @DirtiesContext [false] with mode [null]
]]></system-out>
  </testcase>
  <testcase name="testcreateUser" classname="tes.MyTest" time="0.008">
    <system-out><![CDATA[12:53:52.797 [main] DEBUG org.springframework.test.annotation.ProfileValueUtils - Retrieved @ProfileValueSourceConfiguration [null] for test class [tes.MyTest]
12:53:52.797 [main] DEBUG org.springframework.test.annotation.ProfileValueUtils - Retrieved ProfileValueSource type [class org.springframework.test.annotation.SystemProfileValueSource] for class [tes.MyTest]
12:53:52.797 [main] DEBUG org.springframework.test.context.support.DependencyInjectionTestExecutionListener - Performing dependency injection for test class tes.MyTest
12:53:52.798 [main] DEBUG org.springframework.test.context.cache - Spring test ApplicationContext cache statistics: [DefaultContextCache@323659f8 size = 1, maxSize = 32, parentContextCount = 0, hitCount = 6, missCount = 1]
12:53:52.798 [main] DEBUG org.springframework.test.context.cache - Spring test ApplicationContext cache statistics: [DefaultContextCache@323659f8 size = 1, maxSize = 32, parentContextCount = 0, hitCount = 7, missCount = 1]
12:53:52.799 [main] DEBUG org.springframework.test.context.support.AbstractDirtiesContextTestExecutionListener - Before test method: class [MyTest], method [testcreateUser], class annotated with @DirtiesContext [false] with mode [null], method annotated with @DirtiesContext [false] with mode [null]
12:53:52.799 [main] DEBUG org.springframework.test.context.cache - Spring test ApplicationContext cache statistics: [DefaultContextCache@323659f8 size = 1, maxSize = 32, parentContextCount = 0, hitCount = 8, missCount = 1]
12:53:52.799 [main] DEBUG org.springframework.test.context.cache - Spring test ApplicationContext cache statistics: [DefaultContextCache@323659f8 size = 1, maxSize = 32, parentContextCount = 0, hitCount = 9, missCount = 1]
12:53:52.800 [main] DEBUG org.mybatis.spring.SqlSessionUtils - Creating a new SqlSession
12:53:52.800 [main] DEBUG org.mybatis.spring.SqlSessionUtils - Registering transaction synchronization for SqlSession [org.apache.ibatis.session.defaults.DefaultSqlSession@1d25c1c]
12:53:52.800 [main] DEBUG org.springframework.jdbc.datasource.DataSourceUtils - Fetching JDBC Connection from DataSource
12:53:52.800 [main] DEBUG org.mybatis.spring.transaction.SpringManagedTransaction - JDBC Connection [com.mysql.cj.jdbc.ConnectionImpl@51e0301d] will be managed by Spring
12:53:52.800 [main] DEBUG com.ruanda.mapper.UserMapper.createUser - ==>  Preparing: insert into user values(?,?,?,?,?,?,?)
12:53:52.801 [main] DEBUG com.ruanda.mapper.UserMapper.createUser - ==> Parameters: 1234561231545(String), 身份证(String), 4354231265(String), 天湖(String), 男(String), 23(String), 工人(String)
12:53:52.806 [main] DEBUG com.ruanda.mapper.UserMapper.createUser - <==    Updates: 1
12:53:52.807 [main] DEBUG org.mybatis.spring.SqlSessionUtils - Releasing transactional SqlSession [org.apache.ibatis.session.defaults.DefaultSqlSession@1d25c1c]
12:53:52.807 [main] DEBUG org.mybatis.spring.SqlSessionUtils - Transaction synchronization deregistering SqlSession [org.apache.ibatis.session.defaults.DefaultSqlSession@1d25c1c]
12:53:52.807 [main] DEBUG org.mybatis.spring.SqlSessionUtils - Transaction synchronization closing SqlSession [org.apache.ibatis.session.defaults.DefaultSqlSession@1d25c1c]
1
12:53:52.807 [main] DEBUG org.springframework.test.context.cache - Spring test ApplicationContext cache statistics: [DefaultContextCache@323659f8 size = 1, maxSize = 32, parentContextCount = 0, hitCount = 10, missCount = 1]
12:53:52.807 [main] DEBUG org.springframework.test.context.cache - Spring test ApplicationContext cache statistics: [DefaultContextCache@323659f8 size = 1, maxSize = 32, parentContextCount = 0, hitCount = 11, missCount = 1]
12:53:52.807 [main] DEBUG org.springframework.test.context.support.AbstractDirtiesContextTestExecutionListener - After test method: class [MyTest], method [testcreateUser], class annotated with @DirtiesContext [false] with mode [null], method annotated with @DirtiesContext [false] with mode [null]
]]></system-out>
  </testcase>
  <testcase name="testSelectUserPage" classname="tes.MyTest" time="0.037">
    <system-out><![CDATA[12:53:52.808 [main] DEBUG org.springframework.test.annotation.ProfileValueUtils - Retrieved @ProfileValueSourceConfiguration [null] for test class [tes.MyTest]
12:53:52.808 [main] DEBUG org.springframework.test.annotation.ProfileValueUtils - Retrieved ProfileValueSource type [class org.springframework.test.annotation.SystemProfileValueSource] for class [tes.MyTest]
12:53:52.808 [main] DEBUG org.springframework.test.context.support.DependencyInjectionTestExecutionListener - Performing dependency injection for test class tes.MyTest
12:53:52.808 [main] DEBUG org.springframework.test.context.cache - Spring test ApplicationContext cache statistics: [DefaultContextCache@323659f8 size = 1, maxSize = 32, parentContextCount = 0, hitCount = 12, missCount = 1]
12:53:52.808 [main] DEBUG org.springframework.test.context.cache - Spring test ApplicationContext cache statistics: [DefaultContextCache@323659f8 size = 1, maxSize = 32, parentContextCount = 0, hitCount = 13, missCount = 1]
12:53:52.810 [main] DEBUG org.springframework.test.context.support.AbstractDirtiesContextTestExecutionListener - Before test method: class [MyTest], method [testSelectUserPage], class annotated with @DirtiesContext [false] with mode [null], method annotated with @DirtiesContext [false] with mode [null]
12:53:52.810 [main] DEBUG org.springframework.test.context.cache - Spring test ApplicationContext cache statistics: [DefaultContextCache@323659f8 size = 1, maxSize = 32, parentContextCount = 0, hitCount = 14, missCount = 1]
12:53:52.810 [main] DEBUG org.springframework.test.context.cache - Spring test ApplicationContext cache statistics: [DefaultContextCache@323659f8 size = 1, maxSize = 32, parentContextCount = 0, hitCount = 15, missCount = 1]
12:53:52.810 [main] DEBUG org.springframework.jdbc.datasource.DataSourceTransactionManager - Creating new transaction with name [com.ruanda.service.impl.UserServiceImpl.selectUserPage]: PROPAGATION_REQUIRED,ISOLATION_DEFAULT,readOnly
12:53:52.811 [main] DEBUG org.springframework.jdbc.datasource.DataSourceTransactionManager - Acquired Connection [com.mysql.cj.jdbc.ConnectionImpl@51e0301d] for JDBC transaction
12:53:52.811 [main] DEBUG org.springframework.jdbc.datasource.DataSourceUtils - Setting JDBC Connection [com.mysql.cj.jdbc.ConnectionImpl@51e0301d] read-only
12:53:52.812 [main] DEBUG org.springframework.jdbc.datasource.DataSourceTransactionManager - Switching JDBC Connection [com.mysql.cj.jdbc.ConnectionImpl@51e0301d] to manual commit
12:53:52.815 [main] DEBUG org.mybatis.spring.SqlSessionUtils - Creating a new SqlSession
12:53:52.815 [main] DEBUG org.mybatis.spring.SqlSessionUtils - Registering transaction synchronization for SqlSession [org.apache.ibatis.session.defaults.DefaultSqlSession@7c3ebc6b]
12:53:52.840 [main] DEBUG org.mybatis.spring.transaction.SpringManagedTransaction - JDBC Connection [com.mysql.cj.jdbc.ConnectionImpl@51e0301d] will be managed by Spring
12:53:52.840 [main] DEBUG com.ruanda.mapper.UserMapper.selectUserPage - ==>  Preparing: select user_id,card_type,card_no,user_name,user_sex,user_age,user_role from user WHERE user_name like concat('%',?,'%') and user_sex = ? limit ?,5
12:53:52.841 [main] DEBUG com.ruanda.mapper.UserMapper.selectUserPage - ==> Parameters: 三(String), 男(String), 0(Integer)
12:53:52.844 [main] DEBUG com.ruanda.mapper.UserMapper.selectUserPage - <==      Total: 0
12:53:52.844 [main] DEBUG org.mybatis.spring.SqlSessionUtils - Releasing transactional SqlSession [org.apache.ibatis.session.defaults.DefaultSqlSession@7c3ebc6b]
12:53:52.844 [main] DEBUG org.mybatis.spring.SqlSessionUtils - Transaction synchronization committing SqlSession [org.apache.ibatis.session.defaults.DefaultSqlSession@7c3ebc6b]
12:53:52.844 [main] DEBUG org.mybatis.spring.SqlSessionUtils - Transaction synchronization deregistering SqlSession [org.apache.ibatis.session.defaults.DefaultSqlSession@7c3ebc6b]
12:53:52.844 [main] DEBUG org.mybatis.spring.SqlSessionUtils - Transaction synchronization closing SqlSession [org.apache.ibatis.session.defaults.DefaultSqlSession@7c3ebc6b]
12:53:52.844 [main] DEBUG org.springframework.jdbc.datasource.DataSourceTransactionManager - Initiating transaction commit
12:53:52.845 [main] DEBUG org.springframework.jdbc.datasource.DataSourceTransactionManager - Committing JDBC transaction on Connection [com.mysql.cj.jdbc.ConnectionImpl@51e0301d]
12:53:52.846 [main] DEBUG org.springframework.jdbc.datasource.DataSourceUtils - Resetting read-only flag of JDBC Connection [com.mysql.cj.jdbc.ConnectionImpl@51e0301d]
12:53:52.846 [main] DEBUG org.springframework.jdbc.datasource.DataSourceTransactionManager - Releasing JDBC Connection [com.mysql.cj.jdbc.ConnectionImpl@51e0301d] after transaction
12:53:52.847 [main] DEBUG org.springframework.test.context.cache - Spring test ApplicationContext cache statistics: [DefaultContextCache@323659f8 size = 1, maxSize = 32, parentContextCount = 0, hitCount = 16, missCount = 1]
12:53:52.847 [main] DEBUG org.springframework.test.context.cache - Spring test ApplicationContext cache statistics: [DefaultContextCache@323659f8 size = 1, maxSize = 32, parentContextCount = 0, hitCount = 17, missCount = 1]
12:53:52.847 [main] DEBUG org.springframework.test.context.support.AbstractDirtiesContextTestExecutionListener - After test method: class [MyTest], method [testSelectUserPage], class annotated with @DirtiesContext [false] with mode [null], method annotated with @DirtiesContext [false] with mode [null]
]]></system-out>
  </testcase>
  <testcase name="textDeleteUserByIdList" classname="tes.MyTest" time="0.009">
    <system-out><![CDATA[12:53:52.847 [main] DEBUG org.springframework.test.annotation.ProfileValueUtils - Retrieved @ProfileValueSourceConfiguration [null] for test class [tes.MyTest]
12:53:52.848 [main] DEBUG org.springframework.test.annotation.ProfileValueUtils - Retrieved ProfileValueSource type [class org.springframework.test.annotation.SystemProfileValueSource] for class [tes.MyTest]
12:53:52.848 [main] DEBUG org.springframework.test.context.support.DependencyInjectionTestExecutionListener - Performing dependency injection for test class tes.MyTest
12:53:52.848 [main] DEBUG org.springframework.test.context.cache - Spring test ApplicationContext cache statistics: [DefaultContextCache@323659f8 size = 1, maxSize = 32, parentContextCount = 0, hitCount = 18, missCount = 1]
12:53:52.848 [main] DEBUG org.springframework.test.context.cache - Spring test ApplicationContext cache statistics: [DefaultContextCache@323659f8 size = 1, maxSize = 32, parentContextCount = 0, hitCount = 19, missCount = 1]
12:53:52.848 [main] DEBUG org.springframework.test.context.support.AbstractDirtiesContextTestExecutionListener - Before test method: class [MyTest], method [textDeleteUserByIdList], class annotated with @DirtiesContext [false] with mode [null], method annotated with @DirtiesContext [false] with mode [null]
12:53:52.848 [main] DEBUG org.springframework.test.context.cache - Spring test ApplicationContext cache statistics: [DefaultContextCache@323659f8 size = 1, maxSize = 32, parentContextCount = 0, hitCount = 20, missCount = 1]
12:53:52.848 [main] DEBUG org.springframework.test.context.cache - Spring test ApplicationContext cache statistics: [DefaultContextCache@323659f8 size = 1, maxSize = 32, parentContextCount = 0, hitCount = 21, missCount = 1]
12:53:52.849 [main] DEBUG org.springframework.jdbc.datasource.DataSourceTransactionManager - Creating new transaction with name [com.ruanda.service.impl.UserServiceImpl.deleteUserByIdList]: PROPAGATION_REQUIRED,ISOLATION_DEFAULT
12:53:52.849 [main] DEBUG org.springframework.jdbc.datasource.DataSourceTransactionManager - Acquired Connection [com.mysql.cj.jdbc.ConnectionImpl@51e0301d] for JDBC transaction
12:53:52.849 [main] DEBUG org.springframework.jdbc.datasource.DataSourceTransactionManager - Switching JDBC Connection [com.mysql.cj.jdbc.ConnectionImpl@51e0301d] to manual commit
12:53:52.850 [main] DEBUG org.mybatis.spring.SqlSessionUtils - Creating a new SqlSession
12:53:52.850 [main] DEBUG org.mybatis.spring.SqlSessionUtils - Registering transaction synchronization for SqlSession [org.apache.ibatis.session.defaults.DefaultSqlSession@4e61e4c2]
12:53:52.852 [main] DEBUG org.mybatis.spring.transaction.SpringManagedTransaction - JDBC Connection [com.mysql.cj.jdbc.ConnectionImpl@51e0301d] will be managed by Spring
12:53:52.852 [main] DEBUG com.ruanda.mapper.UserMapper.deleteUserByIdList - ==>  Preparing: delete from user where user_id in ( ? )
12:53:52.852 [main] DEBUG com.ruanda.mapper.UserMapper.deleteUserByIdList - ==> Parameters: 1234561231545(String)
12:53:52.854 [main] DEBUG com.ruanda.mapper.UserMapper.deleteUserByIdList - <==    Updates: 1
12:53:52.855 [main] DEBUG org.mybatis.spring.SqlSessionUtils - Releasing transactional SqlSession [org.apache.ibatis.session.defaults.DefaultSqlSession@4e61e4c2]
12:53:52.855 [main] DEBUG org.mybatis.spring.SqlSessionUtils - Transaction synchronization committing SqlSession [org.apache.ibatis.session.defaults.DefaultSqlSession@4e61e4c2]
12:53:52.855 [main] DEBUG org.mybatis.spring.SqlSessionUtils - Transaction synchronization deregistering SqlSession [org.apache.ibatis.session.defaults.DefaultSqlSession@4e61e4c2]
12:53:52.855 [main] DEBUG org.mybatis.spring.SqlSessionUtils - Transaction synchronization closing SqlSession [org.apache.ibatis.session.defaults.DefaultSqlSession@4e61e4c2]
12:53:52.855 [main] DEBUG org.springframework.jdbc.datasource.DataSourceTransactionManager - Initiating transaction commit
12:53:52.855 [main] DEBUG org.springframework.jdbc.datasource.DataSourceTransactionManager - Committing JDBC transaction on Connection [com.mysql.cj.jdbc.ConnectionImpl@51e0301d]
12:53:52.856 [main] DEBUG org.springframework.jdbc.datasource.DataSourceTransactionManager - Releasing JDBC Connection [com.mysql.cj.jdbc.ConnectionImpl@51e0301d] after transaction
12:53:52.857 [main] DEBUG org.springframework.test.context.cache - Spring test ApplicationContext cache statistics: [DefaultContextCache@323659f8 size = 1, maxSize = 32, parentContextCount = 0, hitCount = 22, missCount = 1]
12:53:52.857 [main] DEBUG org.springframework.test.context.cache - Spring test ApplicationContext cache statistics: [DefaultContextCache@323659f8 size = 1, maxSize = 32, parentContextCount = 0, hitCount = 23, missCount = 1]
12:53:52.857 [main] DEBUG org.springframework.test.context.support.AbstractDirtiesContextTestExecutionListener - After test method: class [MyTest], method [textDeleteUserByIdList], class annotated with @DirtiesContext [false] with mode [null], method annotated with @DirtiesContext [false] with mode [null]
]]></system-out>
  </testcase>
  <testcase name="textUpdateUserById" classname="tes.MyTest" time="0.008">
    <system-out><![CDATA[12:53:52.857 [main] DEBUG org.springframework.test.annotation.ProfileValueUtils - Retrieved @ProfileValueSourceConfiguration [null] for test class [tes.MyTest]
12:53:52.857 [main] DEBUG org.springframework.test.annotation.ProfileValueUtils - Retrieved ProfileValueSource type [class org.springframework.test.annotation.SystemProfileValueSource] for class [tes.MyTest]
12:53:52.857 [main] DEBUG org.springframework.test.context.support.DependencyInjectionTestExecutionListener - Performing dependency injection for test class tes.MyTest
12:53:52.857 [main] DEBUG org.springframework.test.context.cache - Spring test ApplicationContext cache statistics: [DefaultContextCache@323659f8 size = 1, maxSize = 32, parentContextCount = 0, hitCount = 24, missCount = 1]
12:53:52.858 [main] DEBUG org.springframework.test.context.cache - Spring test ApplicationContext cache statistics: [DefaultContextCache@323659f8 size = 1, maxSize = 32, parentContextCount = 0, hitCount = 25, missCount = 1]
12:53:52.858 [main] DEBUG org.springframework.test.context.support.AbstractDirtiesContextTestExecutionListener - Before test method: class [MyTest], method [textUpdateUserById], class annotated with @DirtiesContext [false] with mode [null], method annotated with @DirtiesContext [false] with mode [null]
12:53:52.858 [main] DEBUG org.springframework.test.context.cache - Spring test ApplicationContext cache statistics: [DefaultContextCache@323659f8 size = 1, maxSize = 32, parentContextCount = 0, hitCount = 26, missCount = 1]
12:53:52.858 [main] DEBUG org.springframework.test.context.cache - Spring test ApplicationContext cache statistics: [DefaultContextCache@323659f8 size = 1, maxSize = 32, parentContextCount = 0, hitCount = 27, missCount = 1]
12:53:52.859 [main] DEBUG org.springframework.jdbc.datasource.DataSourceTransactionManager - Creating new transaction with name [com.ruanda.service.impl.UserServiceImpl.updateUserById]: PROPAGATION_REQUIRED,ISOLATION_DEFAULT
12:53:52.859 [main] DEBUG org.springframework.jdbc.datasource.DataSourceTransactionManager - Acquired Connection [com.mysql.cj.jdbc.ConnectionImpl@51e0301d] for JDBC transaction
12:53:52.859 [main] DEBUG org.springframework.jdbc.datasource.DataSourceTransactionManager - Switching JDBC Connection [com.mysql.cj.jdbc.ConnectionImpl@51e0301d] to manual commit
12:53:52.860 [main] DEBUG org.mybatis.spring.SqlSessionUtils - Creating a new SqlSession
12:53:52.860 [main] DEBUG org.mybatis.spring.SqlSessionUtils - Registering transaction synchronization for SqlSession [org.apache.ibatis.session.defaults.DefaultSqlSession@6e0cff20]
12:53:52.861 [main] DEBUG org.mybatis.spring.transaction.SpringManagedTransaction - JDBC Connection [com.mysql.cj.jdbc.ConnectionImpl@51e0301d] will be managed by Spring
12:53:52.861 [main] DEBUG com.ruanda.mapper.UserMapper.updateUserById - ==>  Preparing: update user SET card_no = ?, card_type = ?, user_name = ?, user_sex = ?, user_age = ?, user_role = ? where 1 = 1 and user_id = ?
12:53:52.862 [main] DEBUG com.ruanda.mapper.UserMapper.updateUserById - ==> Parameters: 4354231265(String), 身份证(String), 天湖(String), 女(String), 23(String), 工人(String), 1234561231545(String)
12:53:52.864 [main] DEBUG com.ruanda.mapper.UserMapper.updateUserById - <==    Updates: 0
12:53:52.864 [main] DEBUG org.mybatis.spring.SqlSessionUtils - Releasing transactional SqlSession [org.apache.ibatis.session.defaults.DefaultSqlSession@6e0cff20]
12:53:52.864 [main] DEBUG org.mybatis.spring.SqlSessionUtils - Transaction synchronization committing SqlSession [org.apache.ibatis.session.defaults.DefaultSqlSession@6e0cff20]
12:53:52.864 [main] DEBUG org.mybatis.spring.SqlSessionUtils - Transaction synchronization deregistering SqlSession [org.apache.ibatis.session.defaults.DefaultSqlSession@6e0cff20]
12:53:52.864 [main] DEBUG org.mybatis.spring.SqlSessionUtils - Transaction synchronization closing SqlSession [org.apache.ibatis.session.defaults.DefaultSqlSession@6e0cff20]
12:53:52.864 [main] DEBUG org.springframework.jdbc.datasource.DataSourceTransactionManager - Initiating transaction commit
12:53:52.864 [main] DEBUG org.springframework.jdbc.datasource.DataSourceTransactionManager - Committing JDBC transaction on Connection [com.mysql.cj.jdbc.ConnectionImpl@51e0301d]
12:53:52.865 [main] DEBUG org.springframework.jdbc.datasource.DataSourceTransactionManager - Releasing JDBC Connection [com.mysql.cj.jdbc.ConnectionImpl@51e0301d] after transaction
12:53:52.865 [main] DEBUG org.springframework.test.context.cache - Spring test ApplicationContext cache statistics: [DefaultContextCache@323659f8 size = 1, maxSize = 32, parentContextCount = 0, hitCount = 28, missCount = 1]
12:53:52.865 [main] DEBUG org.springframework.test.context.cache - Spring test ApplicationContext cache statistics: [DefaultContextCache@323659f8 size = 1, maxSize = 32, parentContextCount = 0, hitCount = 29, missCount = 1]
12:53:52.866 [main] DEBUG org.springframework.test.context.support.AbstractDirtiesContextTestExecutionListener - After test method: class [MyTest], method [textUpdateUserById], class annotated with @DirtiesContext [false] with mode [null], method annotated with @DirtiesContext [false] with mode [null]
]]></system-out>
  </testcase>
  <testcase name="testGetRowCount" classname="tes.MyTest" time="0.008">
    <system-out><![CDATA[12:53:52.866 [main] DEBUG org.springframework.test.annotation.ProfileValueUtils - Retrieved @ProfileValueSourceConfiguration [null] for test class [tes.MyTest]
12:53:52.866 [main] DEBUG org.springframework.test.annotation.ProfileValueUtils - Retrieved ProfileValueSource type [class org.springframework.test.annotation.SystemProfileValueSource] for class [tes.MyTest]
12:53:52.866 [main] DEBUG org.springframework.test.context.support.DependencyInjectionTestExecutionListener - Performing dependency injection for test class tes.MyTest
12:53:52.866 [main] DEBUG org.springframework.test.context.cache - Spring test ApplicationContext cache statistics: [DefaultContextCache@323659f8 size = 1, maxSize = 32, parentContextCount = 0, hitCount = 30, missCount = 1]
12:53:52.866 [main] DEBUG org.springframework.test.context.cache - Spring test ApplicationContext cache statistics: [DefaultContextCache@323659f8 size = 1, maxSize = 32, parentContextCount = 0, hitCount = 31, missCount = 1]
12:53:52.867 [main] DEBUG org.springframework.test.context.support.AbstractDirtiesContextTestExecutionListener - Before test method: class [MyTest], method [testGetRowCount], class annotated with @DirtiesContext [false] with mode [null], method annotated with @DirtiesContext [false] with mode [null]
12:53:52.867 [main] DEBUG org.springframework.test.context.cache - Spring test ApplicationContext cache statistics: [DefaultContextCache@323659f8 size = 1, maxSize = 32, parentContextCount = 0, hitCount = 32, missCount = 1]
12:53:52.867 [main] DEBUG org.springframework.test.context.cache - Spring test ApplicationContext cache statistics: [DefaultContextCache@323659f8 size = 1, maxSize = 32, parentContextCount = 0, hitCount = 33, missCount = 1]
12:53:52.868 [main] DEBUG org.springframework.jdbc.datasource.DataSourceTransactionManager - Creating new transaction with name [com.ruanda.service.impl.UserServiceImpl.getRowCount]: PROPAGATION_REQUIRED,ISOLATION_DEFAULT,readOnly
12:53:52.868 [main] DEBUG org.springframework.jdbc.datasource.DataSourceTransactionManager - Acquired Connection [com.mysql.cj.jdbc.ConnectionImpl@51e0301d] for JDBC transaction
12:53:52.868 [main] DEBUG org.springframework.jdbc.datasource.DataSourceUtils - Setting JDBC Connection [com.mysql.cj.jdbc.ConnectionImpl@51e0301d] read-only
12:53:52.869 [main] DEBUG org.springframework.jdbc.datasource.DataSourceTransactionManager - Switching JDBC Connection [com.mysql.cj.jdbc.ConnectionImpl@51e0301d] to manual commit
12:53:52.869 [main] DEBUG org.mybatis.spring.SqlSessionUtils - Creating a new SqlSession
12:53:52.869 [main] DEBUG org.mybatis.spring.SqlSessionUtils - Registering transaction synchronization for SqlSession [org.apache.ibatis.session.defaults.DefaultSqlSession@77c7ed8e]
12:53:52.870 [main] DEBUG org.mybatis.spring.transaction.SpringManagedTransaction - JDBC Connection [com.mysql.cj.jdbc.ConnectionImpl@51e0301d] will be managed by Spring
12:53:52.870 [main] DEBUG com.ruanda.mapper.UserMapper.getRowCount - ==>  Preparing: select count(*) from user WHERE user_sex = ?
12:53:52.870 [main] DEBUG com.ruanda.mapper.UserMapper.getRowCount - ==> Parameters: 男(String)
12:53:52.873 [main] DEBUG com.ruanda.mapper.UserMapper.getRowCount - <==      Total: 1
12:53:52.874 [main] DEBUG org.mybatis.spring.SqlSessionUtils - Releasing transactional SqlSession [org.apache.ibatis.session.defaults.DefaultSqlSession@77c7ed8e]
12:53:52.874 [main] DEBUG org.mybatis.spring.SqlSessionUtils - Transaction synchronization committing SqlSession [org.apache.ibatis.session.defaults.DefaultSqlSession@77c7ed8e]
12:53:52.874 [main] DEBUG org.mybatis.spring.SqlSessionUtils - Transaction synchronization deregistering SqlSession [org.apache.ibatis.session.defaults.DefaultSqlSession@77c7ed8e]
12:53:52.874 [main] DEBUG org.mybatis.spring.SqlSessionUtils - Transaction synchronization closing SqlSession [org.apache.ibatis.session.defaults.DefaultSqlSession@77c7ed8e]
12:53:52.874 [main] DEBUG org.springframework.jdbc.datasource.DataSourceTransactionManager - Initiating transaction commit
12:53:52.874 [main] DEBUG org.springframework.jdbc.datasource.DataSourceTransactionManager - Committing JDBC transaction on Connection [com.mysql.cj.jdbc.ConnectionImpl@51e0301d]
12:53:52.875 [main] DEBUG org.springframework.jdbc.datasource.DataSourceUtils - Resetting read-only flag of JDBC Connection [com.mysql.cj.jdbc.ConnectionImpl@51e0301d]
12:53:52.875 [main] DEBUG org.springframework.jdbc.datasource.DataSourceTransactionManager - Releasing JDBC Connection [com.mysql.cj.jdbc.ConnectionImpl@51e0301d] after transaction
4
12:53:52.875 [main] DEBUG org.springframework.test.context.cache - Spring test ApplicationContext cache statistics: [DefaultContextCache@323659f8 size = 1, maxSize = 32, parentContextCount = 0, hitCount = 34, missCount = 1]
12:53:52.875 [main] DEBUG org.springframework.test.context.cache - Spring test ApplicationContext cache statistics: [DefaultContextCache@323659f8 size = 1, maxSize = 32, parentContextCount = 0, hitCount = 35, missCount = 1]
12:53:52.875 [main] DEBUG org.springframework.test.context.support.AbstractDirtiesContextTestExecutionListener - After test method: class [MyTest], method [testGetRowCount], class annotated with @DirtiesContext [false] with mode [null], method annotated with @DirtiesContext [false] with mode [null]
]]></system-out>
  </testcase>
  <testcase name="testdeleteUserById" classname="tes.MyTest" time="0.005">
    <system-out><![CDATA[12:53:52.876 [main] DEBUG org.springframework.test.annotation.ProfileValueUtils - Retrieved @ProfileValueSourceConfiguration [null] for test class [tes.MyTest]
12:53:52.876 [main] DEBUG org.springframework.test.annotation.ProfileValueUtils - Retrieved ProfileValueSource type [class org.springframework.test.annotation.SystemProfileValueSource] for class [tes.MyTest]
12:53:52.876 [main] DEBUG org.springframework.test.context.support.DependencyInjectionTestExecutionListener - Performing dependency injection for test class tes.MyTest
12:53:52.876 [main] DEBUG org.springframework.test.context.cache - Spring test ApplicationContext cache statistics: [DefaultContextCache@323659f8 size = 1, maxSize = 32, parentContextCount = 0, hitCount = 36, missCount = 1]
12:53:52.876 [main] DEBUG org.springframework.test.context.cache - Spring test ApplicationContext cache statistics: [DefaultContextCache@323659f8 size = 1, maxSize = 32, parentContextCount = 0, hitCount = 37, missCount = 1]
12:53:52.876 [main] DEBUG org.springframework.test.context.support.AbstractDirtiesContextTestExecutionListener - Before test method: class [MyTest], method [testdeleteUserById], class annotated with @DirtiesContext [false] with mode [null], method annotated with @DirtiesContext [false] with mode [null]
12:53:52.876 [main] DEBUG org.springframework.test.context.cache - Spring test ApplicationContext cache statistics: [DefaultContextCache@323659f8 size = 1, maxSize = 32, parentContextCount = 0, hitCount = 38, missCount = 1]
12:53:52.877 [main] DEBUG org.springframework.test.context.cache - Spring test ApplicationContext cache statistics: [DefaultContextCache@323659f8 size = 1, maxSize = 32, parentContextCount = 0, hitCount = 39, missCount = 1]
12:53:52.877 [main] DEBUG org.springframework.jdbc.datasource.DataSourceTransactionManager - Creating new transaction with name [com.ruanda.service.impl.UserServiceImpl.deleteUserById]: PROPAGATION_REQUIRED,ISOLATION_DEFAULT
12:53:52.877 [main] DEBUG org.springframework.jdbc.datasource.DataSourceTransactionManager - Acquired Connection [com.mysql.cj.jdbc.ConnectionImpl@51e0301d] for JDBC transaction
12:53:52.877 [main] DEBUG org.springframework.jdbc.datasource.DataSourceTransactionManager - Switching JDBC Connection [com.mysql.cj.jdbc.ConnectionImpl@51e0301d] to manual commit
12:53:52.878 [main] DEBUG org.mybatis.spring.SqlSessionUtils - Creating a new SqlSession
12:53:52.878 [main] DEBUG org.mybatis.spring.SqlSessionUtils - Registering transaction synchronization for SqlSession [org.apache.ibatis.session.defaults.DefaultSqlSession@b8e246c]
12:53:52.878 [main] DEBUG org.mybatis.spring.transaction.SpringManagedTransaction - JDBC Connection [com.mysql.cj.jdbc.ConnectionImpl@51e0301d] will be managed by Spring
12:53:52.878 [main] DEBUG com.ruanda.mapper.UserMapper.deleteUserById - ==>  Preparing: delete from user where user_id = ?
12:53:52.879 [main] DEBUG com.ruanda.mapper.UserMapper.deleteUserById - ==> Parameters: 15968162087363060(String)
12:53:52.880 [main] DEBUG com.ruanda.mapper.UserMapper.deleteUserById - <==    Updates: 0
12:53:52.880 [main] DEBUG org.mybatis.spring.SqlSessionUtils - Releasing transactional SqlSession [org.apache.ibatis.session.defaults.DefaultSqlSession@b8e246c]
12:53:52.880 [main] DEBUG org.mybatis.spring.SqlSessionUtils - Transaction synchronization committing SqlSession [org.apache.ibatis.session.defaults.DefaultSqlSession@b8e246c]
12:53:52.880 [main] DEBUG org.mybatis.spring.SqlSessionUtils - Transaction synchronization deregistering SqlSession [org.apache.ibatis.session.defaults.DefaultSqlSession@b8e246c]
12:53:52.880 [main] DEBUG org.mybatis.spring.SqlSessionUtils - Transaction synchronization closing SqlSession [org.apache.ibatis.session.defaults.DefaultSqlSession@b8e246c]
12:53:52.880 [main] DEBUG org.springframework.jdbc.datasource.DataSourceTransactionManager - Initiating transaction commit
12:53:52.880 [main] DEBUG org.springframework.jdbc.datasource.DataSourceTransactionManager - Committing JDBC transaction on Connection [com.mysql.cj.jdbc.ConnectionImpl@51e0301d]
12:53:52.881 [main] DEBUG org.springframework.jdbc.datasource.DataSourceTransactionManager - Releasing JDBC Connection [com.mysql.cj.jdbc.ConnectionImpl@51e0301d] after transaction
0
12:53:52.881 [main] DEBUG org.springframework.test.context.cache - Spring test ApplicationContext cache statistics: [DefaultContextCache@323659f8 size = 1, maxSize = 32, parentContextCount = 0, hitCount = 40, missCount = 1]
12:53:52.881 [main] DEBUG org.springframework.test.context.cache - Spring test ApplicationContext cache statistics: [DefaultContextCache@323659f8 size = 1, maxSize = 32, parentContextCount = 0, hitCount = 41, missCount = 1]
12:53:52.881 [main] DEBUG org.springframework.test.context.support.AbstractDirtiesContextTestExecutionListener - After test method: class [MyTest], method [testdeleteUserById], class annotated with @DirtiesContext [false] with mode [null], method annotated with @DirtiesContext [false] with mode [null]
]]></system-out>
  </testcase>
</testsuite>